#
# There is insufficient memory for the Java Runtime Environment to continue.
# Native memory allocation (mmap) failed to map 100663296 bytes for G1 virtual space
# Possible reasons:
#   The system is out of physical RAM or swap space
#   The process is running with CompressedOops enabled, and the Java Heap may be blocking the growth of the native heap
# Possible solutions:
#   Reduce memory load on the system
#   Increase physical memory or swap space
#   Check if swap backing store is full
#   Decrease Java heap size (-Xmx/-Xms)
#   Decrease number of Java threads
#   Decrease Java thread stack sizes (-Xss)
#   Set larger code cache with -XX:ReservedCodeCacheSize=
#   JVM is running with Unscaled Compressed Oops mode in which the Java heap is
#     placed in the first 4GB address space. The Java Heap base address is the
#     maximum limit for the native heap growth. Please use -XX:HeapBaseMinAddress
#     to set the Java Heap base and to place the Java Heap above 4GB virtual address.
# This output file may be truncated or incomplete.
#
#  Out of Memory Error (os_windows.cpp:3528), pid=16992, tid=12892
#
# JRE version:  (20.0+36) (build )
# Java VM: Java HotSpot(TM) 64-Bit Server VM (20+36-2344, mixed mode, sharing, tiered, compressed oops, compressed class ptrs, g1 gc, windows-amd64)
# No core dump will be written. Minidumps are not enabled by default on client versions of Windows
#

---------------  S U M M A R Y ------------

Command Line: -Dfile.encoding=UTF-8 --module-path=C:\Users\bsuda\OneDrive\Documents\NetBeansProjects\bank management system\build\classes bank.management.system.SignUpOne

Host: AMD Ryzen 5 3550H with Radeon Vega Mobile Gfx  , 8 cores, 5G,  Windows 11 , 64 bit Build 22621 (10.0.22621.3958)
Time: Thu Sep  5 15:57:06 2024 India Standard Time elapsed time: 0.041894 seconds (0d 0h 0m 0s)

---------------  T H R E A D  ---------------

Current thread (0x000001ca2a49d3e0):  JavaThread "Unknown thread" [_thread_in_vm, id=12892, stack(0x0000004f5ef00000,0x0000004f5f000000)]

Stack: [0x0000004f5ef00000,0x0000004f5f000000]
Native frames: (J=compiled Java code, j=interpreted, Vv=VM code, C=native code)
V  [jvm.dll+0x6bb95a]
V  [jvm.dll+0x8483aa]
V  [jvm.dll+0x849fa5]
V  [jvm.dll+0x84a6a3]
V  [jvm.dll+0x280b0f]
V  [jvm.dll+0x6b86e9]
V  [jvm.dll+0x6ad2da]
V  [jvm.dll+0x35adf5]
V  [jvm.dll+0x363016]
V  [jvm.dll+0x3b3b3e]
V  [jvm.dll+0x3b3dc5]
V  [jvm.dll+0x32b50a]
V  [jvm.dll+0x32c32b]
V  [jvm.dll+0x81106f]
V  [jvm.dll+0x3c0d91]
V  [jvm.dll+0x7fcd93]
V  [jvm.dll+0x44c76f]
V  [jvm.dll+0x44e0e1]
C  [jli.dll+0x5287]
C  [ucrtbase.dll+0x29333]
C  [KERNEL32.DLL+0x1257d]
C  [ntdll.dll+0x5af28]


---------------  P R O C E S S  ---------------

Threads class SMR info:
_java_thread_list=0x00007ffc7a21a098, length=0, elements={
}

Java Threads: ( => current thread )

Other Threads:
  0x000001ca2a4ef5e0 WorkerThread "GC Thread#0" [stack: 0x0000004f5f000000,0x0000004f5f100000] [id=28704]
  0x000001ca2a4fc130 ConcurrentGCThread "G1 Main Marker" [stack: 0x0000004f5f100000,0x0000004f5f200000] [id=8232]
  0x000001ca2a4fcd00 WorkerThread "G1 Conc#0" [stack: 0x0000004f5f200000,0x0000004f5f300000] [id=12672]

[error occurred during error reporting (printing all threads), id 0xc0000005, EXCEPTION_ACCESS_VIOLATION (0xc0000005) at pc=0x00007ffc799feb47]
VM state: not at safepoint (not fully initialized)

VM Mutex/Monitor currently owned by a thread:  ([mutex/lock_event])
[0x000001ca2a49b6e0] Heap_lock - owner thread: 0x000001ca2a49d3e0

Heap address: 0x00000000a1e00000, size: 1506 MB, Compressed Oops mode: 32-bit

CDS archive(s) mapped at: [0x0000000000000000-0x0000000000000000-0x0000000000000000), size 0, SharedBaseAddress: 0x0000000800000000, ArchiveRelocationMode: 0.
Narrow klass base: 0x0000000000000000, Narrow klass shift: 0, Narrow klass range: 0x0

GC Precious Log:
 CardTable entry size: 512
 Card Set container configuration: InlinePtr #cards 5 size 8 Array Of Cards #cards 12 size 40 Howl #buckets 4 coarsen threshold 1843 Howl Bitmap #cards 512 size 80 coarsen threshold 460 Card regions per heap region 1 cards per card region 2048

Heap:
 garbage-first heap   total 0K, used 0K [0x00000000a1e00000, 0x0000000100000000)
  region size 1024K, 0 young (0K), 0 survivors (0K)

[error occurred during error reporting (printing heap information), id 0xc0000005, EXCEPTION_ACCESS_VIOLATION (0xc0000005) at pc=0x00007ffc79dd3c59]
GC Heap History (0 events):
No events

Dll operation events (1 events):
Event: 0.029 Loaded shared library C:\Program Files\Java\jdk-20\bin\java.dll

Deoptimization events (0 events):
No events

Classes loaded (0 events):
No events

Classes unloaded (0 events):
No events

Classes redefined (0 events):
No events

Internal exceptions (0 events):
No events

VM Operations (0 events):
No events

Events (0 events):
No events


Dynamic libraries:
0x00007ff73b2e0000 - 0x00007ff73b2f0000 	C:\Program Files\Java\jdk-20\bin\java.exe
0x00007ffce03b0000 - 0x00007ffce05c7000 	C:\Windows\SYSTEM32\ntdll.dll
0x00007ffcdf890000 - 0x00007ffcdf954000 	C:\Windows\System32\KERNEL32.DLL
0x00007ffcddd30000 - 0x00007ffcde0dd000 	C:\Windows\System32\KERNELBASE.dll
0x00007ffcddae0000 - 0x00007ffcddbf1000 	C:\Windows\System32\ucrtbase.dll
0x00007ffcd7f20000 - 0x00007ffcd7f39000 	C:\Program Files\Java\jdk-20\bin\jli.dll
0x00007ffc9fcc0000 - 0x00007ffc9fcdb000 	C:\Program Files\Java\jdk-20\bin\VCRUNTIME140.dll
0x00007ffcde5f0000 - 0x00007ffcde6a2000 	C:\Windows\System32\ADVAPI32.dll
0x00007ffcdfc80000 - 0x00007ffcdfd27000 	C:\Windows\System32\msvcrt.dll
0x00007ffcdfa40000 - 0x00007ffcdfae9000 	C:\Windows\System32\sechost.dll
0x00007ffcddab0000 - 0x00007ffcddad8000 	C:\Windows\System32\bcrypt.dll
0x00007ffcde8e0000 - 0x00007ffcde9f4000 	C:\Windows\System32\RPCRT4.dll
0x00007ffcdea30000 - 0x00007ffcdebde000 	C:\Windows\System32\USER32.dll
0x00007ffcc0720000 - 0x00007ffcc09b3000 	C:\Windows\WinSxS\amd64_microsoft.windows.common-controls_6595b64144ccf1df_6.0.22621.3672_none_2713b9d173822955\COMCTL32.dll
0x00007ffcdea00000 - 0x00007ffcdea29000 	C:\Windows\System32\GDI32.dll
0x00007ffcdda80000 - 0x00007ffcddaa6000 	C:\Windows\System32\win32u.dll
0x00007ffcdd960000 - 0x00007ffcdda79000 	C:\Windows\System32\gdi32full.dll
0x00007ffcdd840000 - 0x00007ffcdd8da000 	C:\Windows\System32\msvcp_win.dll
0x00007ffcd9830000 - 0x00007ffcd983a000 	C:\Windows\SYSTEM32\VERSION.dll
0x00007ffce02e0000 - 0x00007ffce0311000 	C:\Windows\System32\IMM32.DLL
0x00007ffcbf7e0000 - 0x00007ffcbf7ec000 	C:\Program Files\Java\jdk-20\bin\vcruntime140_1.dll
0x00007ffc7a5e0000 - 0x00007ffc7a66e000 	C:\Program Files\Java\jdk-20\bin\msvcp140.dll
0x00007ffc796c0000 - 0x00007ffc7a357000 	C:\Program Files\Java\jdk-20\bin\server\jvm.dll
0x00007ffccf070000 - 0x00007ffccf079000 	C:\Windows\SYSTEM32\WSOCK32.dll
0x00007ffcd97e0000 - 0x00007ffcd9814000 	C:\Windows\SYSTEM32\WINMM.dll
0x00007ffcdfc00000 - 0x00007ffcdfc71000 	C:\Windows\System32\WS2_32.dll
0x00007ffcdc6d0000 - 0x00007ffcdc6e8000 	C:\Windows\SYSTEM32\kernel.appcore.dll
0x00007ffcbedf0000 - 0x00007ffcbedfa000 	C:\Program Files\Java\jdk-20\bin\jimage.dll
0x00007ffcc8f30000 - 0x00007ffcc9162000 	C:\Windows\SYSTEM32\DBGHELP.DLL
0x00007ffcdfd40000 - 0x00007ffce00cd000 	C:\Windows\System32\combase.dll
0x00007ffcdf960000 - 0x00007ffcdfa37000 	C:\Windows\System32\OLEAUT32.dll
0x00007ffcb2010000 - 0x00007ffcb2042000 	C:\Windows\SYSTEM32\dbgcore.DLL
0x00007ffcdd8e0000 - 0x00007ffcdd95b000 	C:\Windows\System32\bcryptPrimitives.dll
0x00007ffc92e10000 - 0x00007ffc92e36000 	C:\Program Files\Java\jdk-20\bin\java.dll

dbghelp: loaded successfully - version: 4.0.5 - missing functions: none
symbol engine: initialized successfully - sym options: 0x614 - pdb path: .;C:\Program Files\Java\jdk-20\bin;C:\Windows\SYSTEM32;C:\Windows\WinSxS\amd64_microsoft.windows.common-controls_6595b64144ccf1df_6.0.22621.3672_none_2713b9d173822955;C:\Program Files\Java\jdk-20\bin\server

VM Arguments:
jvm_args: -Dfile.encoding=UTF-8 --module-path=C:\Users\bsuda\OneDrive\Documents\NetBeansProjects\bank management system\build\classes 
java_command: bank.management.system.SignUpOne
java_class_path (initial): C:\Users\bsuda\jcalendar-1.4.jar;C:\Users\bsuda\mysql-connector-j-9.0.0.jar;C:\Users\bsuda\OneDrive\Documents\NetBeansProjects\bank management system\build\classes
Launcher Type: SUN_STANDARD

[Global flags]
     intx CICompilerCount                          = 4                                         {product} {ergonomic}
     uint ConcGCThreads                            = 2                                         {product} {ergonomic}
     uint G1ConcRefinementThreads                  = 8                                         {product} {ergonomic}
   size_t G1HeapRegionSize                         = 1048576                                   {product} {ergonomic}
    uintx GCDrainStackTargetSize                   = 64                                        {product} {ergonomic}
   size_t InitialHeapSize                          = 100663296                                 {product} {ergonomic}
   size_t MarkStackSize                            = 4194304                                   {product} {ergonomic}
   size_t MaxHeapSize                              = 1579155456                                {product} {ergonomic}
   size_t MinHeapDeltaBytes                        = 1048576                                   {product} {ergonomic}
   size_t MinHeapSize                              = 8388608                                   {product} {ergonomic}
    uintx NonNMethodCodeHeapSize                   = 5839372                                {pd product} {ergonomic}
    uintx NonProfiledCodeHeapSize                  = 122909434                              {pd product} {ergonomic}
    uintx ProfiledCodeHeapSize                     = 122909434                              {pd product} {ergonomic}
    uintx ReservedCodeCacheSize                    = 251658240                              {pd product} {ergonomic}
     bool SegmentedCodeCache                       = true                                      {product} {ergonomic}
   size_t SoftMaxHeapSize                          = 1579155456                             {manageable} {ergonomic}
     bool UseCompressedClassPointers               = true                           {product lp64_product} {ergonomic}
     bool UseCompressedOops                        = true                           {product lp64_product} {ergonomic}
     bool UseG1GC                                  = true                                      {product} {ergonomic}
     bool UseLargePagesIndividualAllocation        = false                                  {pd product} {ergonomic}

Logging:
Log output configuration:
 #0: stdout all=warning uptime,level,tags foldmultilines=false
 #1: stderr all=off uptime,level,tags foldmultilines=false

Environment Variables:
CLASSPATH=C:\\mysql-connector-j-8.3.0;.;
PATH=C:\oraclexe\app\oracle\product\10.2.0\server\bin;C:\Program Files\Common Files\Oracle\Java\javapath;C:\Windows\system32;C:\Windows;C:\Windows\System32\Wbem;C:\Windows\System32\WindowsPowerShell\v1.0\;C:\Windows\System32\OpenSSH\;C:\Users\bsuda\Downloads\Compressed\platform-tools_r33.0.3-windows\platform-tools;C:\Users\bsuda\AppData\Local\Programs\Python\Python310\python.exe;C:\Users\bsuda\AppData\Local\Programs\Python\Python310\Scripts;C:\Program Files\Git\cmd;C:\oraclexe\app\oracle\product\10.2.0\server\NETWORK\ADMIN;C:\Program Files (x86)\NVIDIA Corporation\PhysX\Common;C:\Users\bsuda\Downloads\pktriot-0.15.2;C:\Users\bsuda\AppData\Local\Packages\PythonSoftwareFoundation.Python.3.10_qbz5n2kfra8p0\LocalCache\local-packages\Python310\Scripts;C:\Program Files\NVIDIA Corporation\NVIDIA NvDLISR;C:\Program Files\dotnet\;C:\Program Files\Java\jdk-22\bin;C:\Program Files\Java\jdk-22\bin;C:\Program Files\Java\site\commons-logging-1.3.3;C:\Program Files\nodejs\;C:\Users\bsuda\AppData\Local\Microsoft\WindowsApps;C:\Users\bsuda\AppData\Local\Programs\Microsoft VS Code\bin;C:\Users\bsuda\.detaspace\bin;C:\Users\bsuda\AppData\Local\GitHubDesktop\bin;C:\Users\bsuda\AppData\Roaming\npm
USERNAME=bsuda
OS=Windows_NT
PROCESSOR_IDENTIFIER=AMD64 Family 23 Model 24 Stepping 1, AuthenticAMD
TMP=C:\Users\bsuda\AppData\Local\Temp
TEMP=C:\Users\bsuda\AppData\Local\Temp




---------------  S Y S T E M  ---------------

OS:
 Windows 11 , 64 bit Build 22621 (10.0.22621.3958)
OS uptime: 4 days 21:18 hours
Hyper-V role detected

CPU: total 8 (initial active 8) (8 cores per cpu, 2 threads per core) family 23 model 24 stepping 1 microcode 0x0, cx8, cmov, fxsr, ht, mmx, 3dnowpref, sse, sse2, sse3, ssse3, sse4a, sse4.1, sse4.2, popcnt, lzcnt, tsc, tscinvbit, avx, avx2, aes, clmul, bmi1, bmi2, adx, sha, fma, vzeroupper, clflush, clflushopt, hv, rdtscp, f16c

Memory: 4k page, system-wide physical 6016M (143M free)
TotalPageFile size 24448M (AvailPageFile size 41M)
current process WorkingSet (physical memory assigned to process): 12M, peak: 12M
current process commit charge ("private bytes"): 60M, peak: 156M

vm_info: Java HotSpot(TM) 64-Bit Server VM (20+36-2344) for windows-amd64 JRE (20+36-2344), built on 2023-02-10T19:30:15Z by "mach5one" with MS VC++ 17.1 (VS2022)

END.
